<?xml version="1.0" encoding="UTF-8"?>
<!-- Generated by org.testng.reporters.JUnitReportReporter -->
<testsuite hostname="DESKTOP-P033G5Q" failures="0" tests="1" name="zzzlaunch.zzzlaunch.LoginPageTest" time="6.864" errors="0" timestamp="2025-02-23T22:58:57 CET" skipped="0">
  <testcase classname="zzzlaunch.zzzlaunch.LoginPageTest" name="testLogin" time="6.864"/>
</testsuite> <!-- zzzlaunch.zzzlaunch.LoginPageTest -->
