<?xml version="1.0" encoding="UTF-8"?>
<!-- Generated by org.testng.reporters.JUnitReportReporter -->
<testsuite hostname="DESKTOP-P033G5Q" failures="0" tests="1" name="zzzlaunch.zzzlaunch.LaunchApplicationTest" time="5.270" errors="0" timestamp="2025-02-23T20:54:54 CET" skipped="0">
  <testcase classname="zzzlaunch.zzzlaunch.LaunchApplicationTest" name="testLogin" time="5.270"/>
</testsuite> <!-- zzzlaunch.zzzlaunch.LaunchApplicationTest -->
